[0.539s] DEBUG:colcon:Command line arguments: ['/usr/bin/colcon', 'build', '--symlink-install']
[0.543s] DEBUG:colcon:Parsed command line arguments: Namespace(log_base=None, log_level=None, verb_name='build', build_base='build', install_base='install', merge_install=False, symlink_install=True, test_result_base=None, continue_on_error=False, executor='parallel', parallel_workers=16, event_handlers=None, ignore_user_meta=False, metas=['./colcon.meta'], base_paths=['.'], packages_ignore=None, packages_ignore_regex=None, paths=None, packages_up_to=None, packages_up_to_regex=None, packages_above=None, packages_above_and_dependencies=None, packages_above_depth=None, packages_select_by_dep=None, packages_skip_by_dep=None, packages_skip_up_to=None, packages_select_build_failed=False, packages_skip_build_finished=False, packages_select_test_failures=False, packages_skip_test_passed=False, packages_select=None, packages_skip=None, packages_select_regex=None, packages_skip_regex=None, packages_start=None, packages_end=None, allow_overriding=[], cmake_args=None, cmake_target=None, cmake_target_skip_unavailable=False, cmake_clean_cache=False, cmake_clean_first=False, cmake_force_configure=False, ament_cmake_args=None, catkin_cmake_args=None, catkin_skip_building_tests=False, mixin_files=None, mixin=None, verb_parser=<colcon_mixin.mixin.mixin_argument.MixinArgumentDecorator object at 0x7fd1bf89d2a0>, verb_extension=<colcon_core.verb.build.BuildVerb object at 0x7fd1bf89cd90>, main=<bound method BuildVerb.main of <colcon_core.verb.build.BuildVerb object at 0x7fd1bf89cd90>>, mixin_verb=('build',))
[1.249s] Level 1:colcon.colcon_core.package_discovery:discover_packages(colcon_meta) check parameters
[1.249s] Level 1:colcon.colcon_core.package_discovery:discover_packages(recursive) check parameters
[1.249s] Level 1:colcon.colcon_core.package_discovery:discover_packages(ignore) check parameters
[1.249s] Level 1:colcon.colcon_core.package_discovery:discover_packages(path) check parameters
[1.249s] Level 1:colcon.colcon_core.package_discovery:discover_packages(colcon_meta) discover
[1.250s] Level 1:colcon.colcon_core.package_discovery:discover_packages(recursive) discover
[1.250s] INFO:colcon.colcon_core.package_discovery:Crawling recursively for packages in '/home/elicer/ros_ws'
[1.250s] Level 1:colcon.colcon_core.package_identification:_identify(.) by extensions ['ignore', 'ignore_ament_install']
[1.250s] Level 1:colcon.colcon_core.package_identification:_identify(.) by extension 'ignore'
[1.250s] Level 1:colcon.colcon_core.package_identification:_identify(.) by extension 'ignore_ament_install'
[1.250s] Level 1:colcon.colcon_core.package_identification:_identify(.) by extensions ['colcon_pkg']
[1.250s] Level 1:colcon.colcon_core.package_identification:_identify(.) by extension 'colcon_pkg'
[1.250s] Level 1:colcon.colcon_core.package_identification:_identify(.) by extensions ['colcon_meta']
[1.250s] Level 1:colcon.colcon_core.package_identification:_identify(.) by extension 'colcon_meta'
[1.250s] Level 1:colcon.colcon_core.package_identification:_identify(.) by extensions ['ros']
[1.251s] Level 1:colcon.colcon_core.package_identification:_identify(.) by extension 'ros'
[1.279s] Level 1:colcon.colcon_core.package_identification:_identify(.) by extensions ['cmake', 'python']
[1.279s] Level 1:colcon.colcon_core.package_identification:_identify(.) by extension 'cmake'
[1.279s] Level 1:colcon.colcon_core.package_identification:_identify(.) by extension 'python'
[1.279s] Level 1:colcon.colcon_core.package_identification:_identify(.) by extensions ['python_setup_py']
[1.279s] Level 1:colcon.colcon_core.package_identification:_identify(.) by extension 'python_setup_py'
[1.279s] Level 1:colcon.colcon_core.package_identification:_identify(build) by extensions ['ignore', 'ignore_ament_install']
[1.280s] Level 1:colcon.colcon_core.package_identification:_identify(build) by extension 'ignore'
[1.280s] Level 1:colcon.colcon_core.package_identification:_identify(build) ignored
[1.280s] Level 1:colcon.colcon_core.package_identification:_identify(install) by extensions ['ignore', 'ignore_ament_install']
[1.280s] Level 1:colcon.colcon_core.package_identification:_identify(install) by extension 'ignore'
[1.280s] Level 1:colcon.colcon_core.package_identification:_identify(install) ignored
[1.280s] Level 1:colcon.colcon_core.package_identification:_identify(log) by extensions ['ignore', 'ignore_ament_install']
[1.280s] Level 1:colcon.colcon_core.package_identification:_identify(log) by extension 'ignore'
[1.280s] Level 1:colcon.colcon_core.package_identification:_identify(log) ignored
[1.281s] Level 1:colcon.colcon_core.package_identification:_identify(models) by extensions ['ignore', 'ignore_ament_install']
[1.281s] Level 1:colcon.colcon_core.package_identification:_identify(models) by extension 'ignore'
[1.281s] Level 1:colcon.colcon_core.package_identification:_identify(models) by extension 'ignore_ament_install'
[1.281s] Level 1:colcon.colcon_core.package_identification:_identify(models) by extensions ['colcon_pkg']
[1.281s] Level 1:colcon.colcon_core.package_identification:_identify(models) by extension 'colcon_pkg'
[1.281s] Level 1:colcon.colcon_core.package_identification:_identify(models) by extensions ['colcon_meta']
[1.281s] Level 1:colcon.colcon_core.package_identification:_identify(models) by extension 'colcon_meta'
[1.281s] Level 1:colcon.colcon_core.package_identification:_identify(models) by extensions ['ros']
[1.281s] Level 1:colcon.colcon_core.package_identification:_identify(models) by extension 'ros'
[1.281s] Level 1:colcon.colcon_core.package_identification:_identify(models) by extensions ['cmake', 'python']
[1.281s] Level 1:colcon.colcon_core.package_identification:_identify(models) by extension 'cmake'
[1.281s] Level 1:colcon.colcon_core.package_identification:_identify(models) by extension 'python'
[1.281s] Level 1:colcon.colcon_core.package_identification:_identify(models) by extensions ['python_setup_py']
[1.281s] Level 1:colcon.colcon_core.package_identification:_identify(models) by extension 'python_setup_py'
[1.282s] Level 1:colcon.colcon_core.package_identification:_identify(models/Dog) by extensions ['ignore', 'ignore_ament_install']
[1.282s] Level 1:colcon.colcon_core.package_identification:_identify(models/Dog) by extension 'ignore'
[1.282s] Level 1:colcon.colcon_core.package_identification:_identify(models/Dog) by extension 'ignore_ament_install'
[1.282s] Level 1:colcon.colcon_core.package_identification:_identify(models/Dog) by extensions ['colcon_pkg']
[1.282s] Level 1:colcon.colcon_core.package_identification:_identify(models/Dog) by extension 'colcon_pkg'
[1.282s] Level 1:colcon.colcon_core.package_identification:_identify(models/Dog) by extensions ['colcon_meta']
[1.282s] Level 1:colcon.colcon_core.package_identification:_identify(models/Dog) by extension 'colcon_meta'
[1.282s] Level 1:colcon.colcon_core.package_identification:_identify(models/Dog) by extensions ['ros']
[1.282s] Level 1:colcon.colcon_core.package_identification:_identify(models/Dog) by extension 'ros'
[1.282s] Level 1:colcon.colcon_core.package_identification:_identify(models/Dog) by extensions ['cmake', 'python']
[1.282s] Level 1:colcon.colcon_core.package_identification:_identify(models/Dog) by extension 'cmake'
[1.282s] Level 1:colcon.colcon_core.package_identification:_identify(models/Dog) by extension 'python'
[1.282s] Level 1:colcon.colcon_core.package_identification:_identify(models/Dog) by extensions ['python_setup_py']
[1.283s] Level 1:colcon.colcon_core.package_identification:_identify(models/Dog) by extension 'python_setup_py'
[1.283s] Level 1:colcon.colcon_core.package_identification:_identify(models/Dog/materials) by extensions ['ignore', 'ignore_ament_install']
[1.283s] Level 1:colcon.colcon_core.package_identification:_identify(models/Dog/materials) by extension 'ignore'
[1.283s] Level 1:colcon.colcon_core.package_identification:_identify(models/Dog/materials) by extension 'ignore_ament_install'
[1.283s] Level 1:colcon.colcon_core.package_identification:_identify(models/Dog/materials) by extensions ['colcon_pkg']
[1.283s] Level 1:colcon.colcon_core.package_identification:_identify(models/Dog/materials) by extension 'colcon_pkg'
[1.283s] Level 1:colcon.colcon_core.package_identification:_identify(models/Dog/materials) by extensions ['colcon_meta']
[1.283s] Level 1:colcon.colcon_core.package_identification:_identify(models/Dog/materials) by extension 'colcon_meta'
[1.283s] Level 1:colcon.colcon_core.package_identification:_identify(models/Dog/materials) by extensions ['ros']
[1.283s] Level 1:colcon.colcon_core.package_identification:_identify(models/Dog/materials) by extension 'ros'
[1.283s] Level 1:colcon.colcon_core.package_identification:_identify(models/Dog/materials) by extensions ['cmake', 'python']
[1.283s] Level 1:colcon.colcon_core.package_identification:_identify(models/Dog/materials) by extension 'cmake'
[1.284s] Level 1:colcon.colcon_core.package_identification:_identify(models/Dog/materials) by extension 'python'
[1.284s] Level 1:colcon.colcon_core.package_identification:_identify(models/Dog/materials) by extensions ['python_setup_py']
[1.284s] Level 1:colcon.colcon_core.package_identification:_identify(models/Dog/materials) by extension 'python_setup_py'
[1.284s] Level 1:colcon.colcon_core.package_identification:_identify(models/Dog/materials/textures) by extensions ['ignore', 'ignore_ament_install']
[1.284s] Level 1:colcon.colcon_core.package_identification:_identify(models/Dog/materials/textures) by extension 'ignore'
[1.284s] Level 1:colcon.colcon_core.package_identification:_identify(models/Dog/materials/textures) by extension 'ignore_ament_install'
[1.284s] Level 1:colcon.colcon_core.package_identification:_identify(models/Dog/materials/textures) by extensions ['colcon_pkg']
[1.284s] Level 1:colcon.colcon_core.package_identification:_identify(models/Dog/materials/textures) by extension 'colcon_pkg'
[1.284s] Level 1:colcon.colcon_core.package_identification:_identify(models/Dog/materials/textures) by extensions ['colcon_meta']
[1.284s] Level 1:colcon.colcon_core.package_identification:_identify(models/Dog/materials/textures) by extension 'colcon_meta'
[1.284s] Level 1:colcon.colcon_core.package_identification:_identify(models/Dog/materials/textures) by extensions ['ros']
[1.284s] Level 1:colcon.colcon_core.package_identification:_identify(models/Dog/materials/textures) by extension 'ros'
[1.285s] Level 1:colcon.colcon_core.package_identification:_identify(models/Dog/materials/textures) by extensions ['cmake', 'python']
[1.285s] Level 1:colcon.colcon_core.package_identification:_identify(models/Dog/materials/textures) by extension 'cmake'
[1.285s] Level 1:colcon.colcon_core.package_identification:_identify(models/Dog/materials/textures) by extension 'python'
[1.285s] Level 1:colcon.colcon_core.package_identification:_identify(models/Dog/materials/textures) by extensions ['python_setup_py']
[1.285s] Level 1:colcon.colcon_core.package_identification:_identify(models/Dog/materials/textures) by extension 'python_setup_py'
[1.285s] Level 1:colcon.colcon_core.package_identification:_identify(models/Dog/meshes) by extensions ['ignore', 'ignore_ament_install']
[1.285s] Level 1:colcon.colcon_core.package_identification:_identify(models/Dog/meshes) by extension 'ignore'
[1.285s] Level 1:colcon.colcon_core.package_identification:_identify(models/Dog/meshes) by extension 'ignore_ament_install'
[1.285s] Level 1:colcon.colcon_core.package_identification:_identify(models/Dog/meshes) by extensions ['colcon_pkg']
[1.285s] Level 1:colcon.colcon_core.package_identification:_identify(models/Dog/meshes) by extension 'colcon_pkg'
[1.285s] Level 1:colcon.colcon_core.package_identification:_identify(models/Dog/meshes) by extensions ['colcon_meta']
[1.285s] Level 1:colcon.colcon_core.package_identification:_identify(models/Dog/meshes) by extension 'colcon_meta'
[1.285s] Level 1:colcon.colcon_core.package_identification:_identify(models/Dog/meshes) by extensions ['ros']
[1.286s] Level 1:colcon.colcon_core.package_identification:_identify(models/Dog/meshes) by extension 'ros'
[1.286s] Level 1:colcon.colcon_core.package_identification:_identify(models/Dog/meshes) by extensions ['cmake', 'python']
[1.286s] Level 1:colcon.colcon_core.package_identification:_identify(models/Dog/meshes) by extension 'cmake'
[1.286s] Level 1:colcon.colcon_core.package_identification:_identify(models/Dog/meshes) by extension 'python'
[1.286s] Level 1:colcon.colcon_core.package_identification:_identify(models/Dog/meshes) by extensions ['python_setup_py']
[1.286s] Level 1:colcon.colcon_core.package_identification:_identify(models/Dog/meshes) by extension 'python_setup_py'
[1.286s] Level 1:colcon.colcon_core.package_identification:_identify(models/NormalBed) by extensions ['ignore', 'ignore_ament_install']
[1.286s] Level 1:colcon.colcon_core.package_identification:_identify(models/NormalBed) by extension 'ignore'
[1.286s] Level 1:colcon.colcon_core.package_identification:_identify(models/NormalBed) by extension 'ignore_ament_install'
[1.286s] Level 1:colcon.colcon_core.package_identification:_identify(models/NormalBed) by extensions ['colcon_pkg']
[1.286s] Level 1:colcon.colcon_core.package_identification:_identify(models/NormalBed) by extension 'colcon_pkg'
[1.286s] Level 1:colcon.colcon_core.package_identification:_identify(models/NormalBed) by extensions ['colcon_meta']
[1.286s] Level 1:colcon.colcon_core.package_identification:_identify(models/NormalBed) by extension 'colcon_meta'
[1.286s] Level 1:colcon.colcon_core.package_identification:_identify(models/NormalBed) by extensions ['ros']
[1.286s] Level 1:colcon.colcon_core.package_identification:_identify(models/NormalBed) by extension 'ros'
[1.287s] Level 1:colcon.colcon_core.package_identification:_identify(models/NormalBed) by extensions ['cmake', 'python']
[1.287s] Level 1:colcon.colcon_core.package_identification:_identify(models/NormalBed) by extension 'cmake'
[1.287s] Level 1:colcon.colcon_core.package_identification:_identify(models/NormalBed) by extension 'python'
[1.287s] Level 1:colcon.colcon_core.package_identification:_identify(models/NormalBed) by extensions ['python_setup_py']
[1.287s] Level 1:colcon.colcon_core.package_identification:_identify(models/NormalBed) by extension 'python_setup_py'
[1.287s] Level 1:colcon.colcon_core.package_identification:_identify(models/NormalBed/meshes) by extensions ['ignore', 'ignore_ament_install']
[1.287s] Level 1:colcon.colcon_core.package_identification:_identify(models/NormalBed/meshes) by extension 'ignore'
[1.287s] Level 1:colcon.colcon_core.package_identification:_identify(models/NormalBed/meshes) by extension 'ignore_ament_install'
[1.287s] Level 1:colcon.colcon_core.package_identification:_identify(models/NormalBed/meshes) by extensions ['colcon_pkg']
[1.287s] Level 1:colcon.colcon_core.package_identification:_identify(models/NormalBed/meshes) by extension 'colcon_pkg'
[1.287s] Level 1:colcon.colcon_core.package_identification:_identify(models/NormalBed/meshes) by extensions ['colcon_meta']
[1.287s] Level 1:colcon.colcon_core.package_identification:_identify(models/NormalBed/meshes) by extension 'colcon_meta'
[1.287s] Level 1:colcon.colcon_core.package_identification:_identify(models/NormalBed/meshes) by extensions ['ros']
[1.287s] Level 1:colcon.colcon_core.package_identification:_identify(models/NormalBed/meshes) by extension 'ros'
[1.288s] Level 1:colcon.colcon_core.package_identification:_identify(models/NormalBed/meshes) by extensions ['cmake', 'python']
[1.288s] Level 1:colcon.colcon_core.package_identification:_identify(models/NormalBed/meshes) by extension 'cmake'
[1.288s] Level 1:colcon.colcon_core.package_identification:_identify(models/NormalBed/meshes) by extension 'python'
[1.288s] Level 1:colcon.colcon_core.package_identification:_identify(models/NormalBed/meshes) by extensions ['python_setup_py']
[1.288s] Level 1:colcon.colcon_core.package_identification:_identify(models/NormalBed/meshes) by extension 'python_setup_py'
[1.288s] Level 1:colcon.colcon_core.package_identification:_identify(models/Toilet) by extensions ['ignore', 'ignore_ament_install']
[1.288s] Level 1:colcon.colcon_core.package_identification:_identify(models/Toilet) by extension 'ignore'
[1.288s] Level 1:colcon.colcon_core.package_identification:_identify(models/Toilet) by extension 'ignore_ament_install'
[1.288s] Level 1:colcon.colcon_core.package_identification:_identify(models/Toilet) by extensions ['colcon_pkg']
[1.288s] Level 1:colcon.colcon_core.package_identification:_identify(models/Toilet) by extension 'colcon_pkg'
[1.288s] Level 1:colcon.colcon_core.package_identification:_identify(models/Toilet) by extensions ['colcon_meta']
[1.288s] Level 1:colcon.colcon_core.package_identification:_identify(models/Toilet) by extension 'colcon_meta'
[1.288s] Level 1:colcon.colcon_core.package_identification:_identify(models/Toilet) by extensions ['ros']
[1.288s] Level 1:colcon.colcon_core.package_identification:_identify(models/Toilet) by extension 'ros'
[1.289s] Level 1:colcon.colcon_core.package_identification:_identify(models/Toilet) by extensions ['cmake', 'python']
[1.289s] Level 1:colcon.colcon_core.package_identification:_identify(models/Toilet) by extension 'cmake'
[1.289s] Level 1:colcon.colcon_core.package_identification:_identify(models/Toilet) by extension 'python'
[1.289s] Level 1:colcon.colcon_core.package_identification:_identify(models/Toilet) by extensions ['python_setup_py']
[1.289s] Level 1:colcon.colcon_core.package_identification:_identify(models/Toilet) by extension 'python_setup_py'
[1.289s] Level 1:colcon.colcon_core.package_identification:_identify(models/Toilet/meshes) by extensions ['ignore', 'ignore_ament_install']
[1.289s] Level 1:colcon.colcon_core.package_identification:_identify(models/Toilet/meshes) by extension 'ignore'
[1.289s] Level 1:colcon.colcon_core.package_identification:_identify(models/Toilet/meshes) by extension 'ignore_ament_install'
[1.289s] Level 1:colcon.colcon_core.package_identification:_identify(models/Toilet/meshes) by extensions ['colcon_pkg']
[1.289s] Level 1:colcon.colcon_core.package_identification:_identify(models/Toilet/meshes) by extension 'colcon_pkg'
[1.289s] Level 1:colcon.colcon_core.package_identification:_identify(models/Toilet/meshes) by extensions ['colcon_meta']
[1.289s] Level 1:colcon.colcon_core.package_identification:_identify(models/Toilet/meshes) by extension 'colcon_meta'
[1.289s] Level 1:colcon.colcon_core.package_identification:_identify(models/Toilet/meshes) by extensions ['ros']
[1.289s] Level 1:colcon.colcon_core.package_identification:_identify(models/Toilet/meshes) by extension 'ros'
[1.289s] Level 1:colcon.colcon_core.package_identification:_identify(models/Toilet/meshes) by extensions ['cmake', 'python']
[1.290s] Level 1:colcon.colcon_core.package_identification:_identify(models/Toilet/meshes) by extension 'cmake'
[1.290s] Level 1:colcon.colcon_core.package_identification:_identify(models/Toilet/meshes) by extension 'python'
[1.290s] Level 1:colcon.colcon_core.package_identification:_identify(models/Toilet/meshes) by extensions ['python_setup_py']
[1.290s] Level 1:colcon.colcon_core.package_identification:_identify(models/Toilet/meshes) by extension 'python_setup_py'
[1.290s] Level 1:colcon.colcon_core.package_identification:_identify(models/TrashBin) by extensions ['ignore', 'ignore_ament_install']
[1.290s] Level 1:colcon.colcon_core.package_identification:_identify(models/TrashBin) by extension 'ignore'
[1.290s] Level 1:colcon.colcon_core.package_identification:_identify(models/TrashBin) by extension 'ignore_ament_install'
[1.290s] Level 1:colcon.colcon_core.package_identification:_identify(models/TrashBin) by extensions ['colcon_pkg']
[1.290s] Level 1:colcon.colcon_core.package_identification:_identify(models/TrashBin) by extension 'colcon_pkg'
[1.290s] Level 1:colcon.colcon_core.package_identification:_identify(models/TrashBin) by extensions ['colcon_meta']
[1.290s] Level 1:colcon.colcon_core.package_identification:_identify(models/TrashBin) by extension 'colcon_meta'
[1.290s] Level 1:colcon.colcon_core.package_identification:_identify(models/TrashBin) by extensions ['ros']
[1.290s] Level 1:colcon.colcon_core.package_identification:_identify(models/TrashBin) by extension 'ros'
[1.290s] Level 1:colcon.colcon_core.package_identification:_identify(models/TrashBin) by extensions ['cmake', 'python']
[1.290s] Level 1:colcon.colcon_core.package_identification:_identify(models/TrashBin) by extension 'cmake'
[1.291s] Level 1:colcon.colcon_core.package_identification:_identify(models/TrashBin) by extension 'python'
[1.291s] Level 1:colcon.colcon_core.package_identification:_identify(models/TrashBin) by extensions ['python_setup_py']
[1.291s] Level 1:colcon.colcon_core.package_identification:_identify(models/TrashBin) by extension 'python_setup_py'
[1.291s] Level 1:colcon.colcon_core.package_identification:_identify(models/TrashBin/meshes) by extensions ['ignore', 'ignore_ament_install']
[1.291s] Level 1:colcon.colcon_core.package_identification:_identify(models/TrashBin/meshes) by extension 'ignore'
[1.291s] Level 1:colcon.colcon_core.package_identification:_identify(models/TrashBin/meshes) by extension 'ignore_ament_install'
[1.291s] Level 1:colcon.colcon_core.package_identification:_identify(models/TrashBin/meshes) by extensions ['colcon_pkg']
[1.291s] Level 1:colcon.colcon_core.package_identification:_identify(models/TrashBin/meshes) by extension 'colcon_pkg'
[1.291s] Level 1:colcon.colcon_core.package_identification:_identify(models/TrashBin/meshes) by extensions ['colcon_meta']
[1.291s] Level 1:colcon.colcon_core.package_identification:_identify(models/TrashBin/meshes) by extension 'colcon_meta'
[1.291s] Level 1:colcon.colcon_core.package_identification:_identify(models/TrashBin/meshes) by extensions ['ros']
[1.291s] Level 1:colcon.colcon_core.package_identification:_identify(models/TrashBin/meshes) by extension 'ros'
[1.291s] Level 1:colcon.colcon_core.package_identification:_identify(models/TrashBin/meshes) by extensions ['cmake', 'python']
[1.291s] Level 1:colcon.colcon_core.package_identification:_identify(models/TrashBin/meshes) by extension 'cmake'
[1.292s] Level 1:colcon.colcon_core.package_identification:_identify(models/TrashBin/meshes) by extension 'python'
[1.292s] Level 1:colcon.colcon_core.package_identification:_identify(models/TrashBin/meshes) by extensions ['python_setup_py']
[1.292s] Level 1:colcon.colcon_core.package_identification:_identify(models/TrashBin/meshes) by extension 'python_setup_py'
[1.292s] Level 1:colcon.colcon_core.package_identification:_identify(models/bookshelf) by extensions ['ignore', 'ignore_ament_install']
[1.292s] Level 1:colcon.colcon_core.package_identification:_identify(models/bookshelf) by extension 'ignore'
[1.292s] Level 1:colcon.colcon_core.package_identification:_identify(models/bookshelf) by extension 'ignore_ament_install'
[1.292s] Level 1:colcon.colcon_core.package_identification:_identify(models/bookshelf) by extensions ['colcon_pkg']
[1.292s] Level 1:colcon.colcon_core.package_identification:_identify(models/bookshelf) by extension 'colcon_pkg'
[1.292s] Level 1:colcon.colcon_core.package_identification:_identify(models/bookshelf) by extensions ['colcon_meta']
[1.292s] Level 1:colcon.colcon_core.package_identification:_identify(models/bookshelf) by extension 'colcon_meta'
[1.292s] Level 1:colcon.colcon_core.package_identification:_identify(models/bookshelf) by extensions ['ros']
[1.292s] Level 1:colcon.colcon_core.package_identification:_identify(models/bookshelf) by extension 'ros'
[1.292s] Level 1:colcon.colcon_core.package_identification:_identify(models/bookshelf) by extensions ['cmake', 'python']
[1.292s] Level 1:colcon.colcon_core.package_identification:_identify(models/bookshelf) by extension 'cmake'
[1.292s] Level 1:colcon.colcon_core.package_identification:_identify(models/bookshelf) by extension 'python'
[1.293s] Level 1:colcon.colcon_core.package_identification:_identify(models/bookshelf) by extensions ['python_setup_py']
[1.293s] Level 1:colcon.colcon_core.package_identification:_identify(models/bookshelf) by extension 'python_setup_py'
[1.293s] Level 1:colcon.colcon_core.package_identification:_identify(models/bowl) by extensions ['ignore', 'ignore_ament_install']
[1.293s] Level 1:colcon.colcon_core.package_identification:_identify(models/bowl) by extension 'ignore'
[1.293s] Level 1:colcon.colcon_core.package_identification:_identify(models/bowl) by extension 'ignore_ament_install'
[1.293s] Level 1:colcon.colcon_core.package_identification:_identify(models/bowl) by extensions ['colcon_pkg']
[1.293s] Level 1:colcon.colcon_core.package_identification:_identify(models/bowl) by extension 'colcon_pkg'
[1.293s] Level 1:colcon.colcon_core.package_identification:_identify(models/bowl) by extensions ['colcon_meta']
[1.293s] Level 1:colcon.colcon_core.package_identification:_identify(models/bowl) by extension 'colcon_meta'
[1.293s] Level 1:colcon.colcon_core.package_identification:_identify(models/bowl) by extensions ['ros']
[1.293s] Level 1:colcon.colcon_core.package_identification:_identify(models/bowl) by extension 'ros'
[1.293s] Level 1:colcon.colcon_core.package_identification:_identify(models/bowl) by extensions ['cmake', 'python']
[1.293s] Level 1:colcon.colcon_core.package_identification:_identify(models/bowl) by extension 'cmake'
[1.293s] Level 1:colcon.colcon_core.package_identification:_identify(models/bowl) by extension 'python'
[1.293s] Level 1:colcon.colcon_core.package_identification:_identify(models/bowl) by extensions ['python_setup_py']
[1.294s] Level 1:colcon.colcon_core.package_identification:_identify(models/bowl) by extension 'python_setup_py'
[1.294s] Level 1:colcon.colcon_core.package_identification:_identify(models/bowl/meshes) by extensions ['ignore', 'ignore_ament_install']
[1.294s] Level 1:colcon.colcon_core.package_identification:_identify(models/bowl/meshes) by extension 'ignore'
[1.294s] Level 1:colcon.colcon_core.package_identification:_identify(models/bowl/meshes) by extension 'ignore_ament_install'
[1.294s] Level 1:colcon.colcon_core.package_identification:_identify(models/bowl/meshes) by extensions ['colcon_pkg']
[1.294s] Level 1:colcon.colcon_core.package_identification:_identify(models/bowl/meshes) by extension 'colcon_pkg'
[1.294s] Level 1:colcon.colcon_core.package_identification:_identify(models/bowl/meshes) by extensions ['colcon_meta']
[1.294s] Level 1:colcon.colcon_core.package_identification:_identify(models/bowl/meshes) by extension 'colcon_meta'
[1.294s] Level 1:colcon.colcon_core.package_identification:_identify(models/bowl/meshes) by extensions ['ros']
[1.294s] Level 1:colcon.colcon_core.package_identification:_identify(models/bowl/meshes) by extension 'ros'
[1.294s] Level 1:colcon.colcon_core.package_identification:_identify(models/bowl/meshes) by extensions ['cmake', 'python']
[1.294s] Level 1:colcon.colcon_core.package_identification:_identify(models/bowl/meshes) by extension 'cmake'
[1.294s] Level 1:colcon.colcon_core.package_identification:_identify(models/bowl/meshes) by extension 'python'
[1.294s] Level 1:colcon.colcon_core.package_identification:_identify(models/bowl/meshes) by extensions ['python_setup_py']
[1.294s] Level 1:colcon.colcon_core.package_identification:_identify(models/bowl/meshes) by extension 'python_setup_py'
[1.295s] Level 1:colcon.colcon_core.package_identification:_identify(models/cabinet) by extensions ['ignore', 'ignore_ament_install']
[1.295s] Level 1:colcon.colcon_core.package_identification:_identify(models/cabinet) by extension 'ignore'
[1.295s] Level 1:colcon.colcon_core.package_identification:_identify(models/cabinet) by extension 'ignore_ament_install'
[1.295s] Level 1:colcon.colcon_core.package_identification:_identify(models/cabinet) by extensions ['colcon_pkg']
[1.295s] Level 1:colcon.colcon_core.package_identification:_identify(models/cabinet) by extension 'colcon_pkg'
[1.295s] Level 1:colcon.colcon_core.package_identification:_identify(models/cabinet) by extensions ['colcon_meta']
[1.295s] Level 1:colcon.colcon_core.package_identification:_identify(models/cabinet) by extension 'colcon_meta'
[1.295s] Level 1:colcon.colcon_core.package_identification:_identify(models/cabinet) by extensions ['ros']
[1.295s] Level 1:colcon.colcon_core.package_identification:_identify(models/cabinet) by extension 'ros'
[1.295s] Level 1:colcon.colcon_core.package_identification:_identify(models/cabinet) by extensions ['cmake', 'python']
[1.295s] Level 1:colcon.colcon_core.package_identification:_identify(models/cabinet) by extension 'cmake'
[1.295s] Level 1:colcon.colcon_core.package_identification:_identify(models/cabinet) by extension 'python'
[1.295s] Level 1:colcon.colcon_core.package_identification:_identify(models/cabinet) by extensions ['python_setup_py']
[1.295s] Level 1:colcon.colcon_core.package_identification:_identify(models/cabinet) by extension 'python_setup_py'
[1.296s] Level 1:colcon.colcon_core.package_identification:_identify(models/cafe_table) by extensions ['ignore', 'ignore_ament_install']
[1.296s] Level 1:colcon.colcon_core.package_identification:_identify(models/cafe_table) by extension 'ignore'
[1.296s] Level 1:colcon.colcon_core.package_identification:_identify(models/cafe_table) by extension 'ignore_ament_install'
[1.296s] Level 1:colcon.colcon_core.package_identification:_identify(models/cafe_table) by extensions ['colcon_pkg']
[1.296s] Level 1:colcon.colcon_core.package_identification:_identify(models/cafe_table) by extension 'colcon_pkg'
[1.296s] Level 1:colcon.colcon_core.package_identification:_identify(models/cafe_table) by extensions ['colcon_meta']
[1.296s] Level 1:colcon.colcon_core.package_identification:_identify(models/cafe_table) by extension 'colcon_meta'
[1.296s] Level 1:colcon.colcon_core.package_identification:_identify(models/cafe_table) by extensions ['ros']
[1.296s] Level 1:colcon.colcon_core.package_identification:_identify(models/cafe_table) by extension 'ros'
[1.296s] Level 1:colcon.colcon_core.package_identification:_identify(models/cafe_table) by extensions ['cmake', 'python']
[1.296s] Level 1:colcon.colcon_core.package_identification:_identify(models/cafe_table) by extension 'cmake'
[1.296s] Level 1:colcon.colcon_core.package_identification:_identify(models/cafe_table) by extension 'python'
[1.296s] Level 1:colcon.colcon_core.package_identification:_identify(models/cafe_table) by extensions ['python_setup_py']
[1.296s] Level 1:colcon.colcon_core.package_identification:_identify(models/cafe_table) by extension 'python_setup_py'
[1.297s] Level 1:colcon.colcon_core.package_identification:_identify(models/cafe_table/materials) by extensions ['ignore', 'ignore_ament_install']
[1.297s] Level 1:colcon.colcon_core.package_identification:_identify(models/cafe_table/materials) by extension 'ignore'
[1.297s] Level 1:colcon.colcon_core.package_identification:_identify(models/cafe_table/materials) by extension 'ignore_ament_install'
[1.297s] Level 1:colcon.colcon_core.package_identification:_identify(models/cafe_table/materials) by extensions ['colcon_pkg']
[1.297s] Level 1:colcon.colcon_core.package_identification:_identify(models/cafe_table/materials) by extension 'colcon_pkg'
[1.297s] Level 1:colcon.colcon_core.package_identification:_identify(models/cafe_table/materials) by extensions ['colcon_meta']
[1.297s] Level 1:colcon.colcon_core.package_identification:_identify(models/cafe_table/materials) by extension 'colcon_meta'
[1.297s] Level 1:colcon.colcon_core.package_identification:_identify(models/cafe_table/materials) by extensions ['ros']
[1.297s] Level 1:colcon.colcon_core.package_identification:_identify(models/cafe_table/materials) by extension 'ros'
[1.297s] Level 1:colcon.colcon_core.package_identification:_identify(models/cafe_table/materials) by extensions ['cmake', 'python']
[1.297s] Level 1:colcon.colcon_core.package_identification:_identify(models/cafe_table/materials) by extension 'cmake'
[1.297s] Level 1:colcon.colcon_core.package_identification:_identify(models/cafe_table/materials) by extension 'python'
[1.297s] Level 1:colcon.colcon_core.package_identification:_identify(models/cafe_table/materials) by extensions ['python_setup_py']
[1.297s] Level 1:colcon.colcon_core.package_identification:_identify(models/cafe_table/materials) by extension 'python_setup_py'
[1.297s] Level 1:colcon.colcon_core.package_identification:_identify(models/cafe_table/materials/textures) by extensions ['ignore', 'ignore_ament_install']
[1.298s] Level 1:colcon.colcon_core.package_identification:_identify(models/cafe_table/materials/textures) by extension 'ignore'
[1.298s] Level 1:colcon.colcon_core.package_identification:_identify(models/cafe_table/materials/textures) by extension 'ignore_ament_install'
[1.298s] Level 1:colcon.colcon_core.package_identification:_identify(models/cafe_table/materials/textures) by extensions ['colcon_pkg']
[1.298s] Level 1:colcon.colcon_core.package_identification:_identify(models/cafe_table/materials/textures) by extension 'colcon_pkg'
[1.298s] Level 1:colcon.colcon_core.package_identification:_identify(models/cafe_table/materials/textures) by extensions ['colcon_meta']
[1.298s] Level 1:colcon.colcon_core.package_identification:_identify(models/cafe_table/materials/textures) by extension 'colcon_meta'
[1.298s] Level 1:colcon.colcon_core.package_identification:_identify(models/cafe_table/materials/textures) by extensions ['ros']
[1.298s] Level 1:colcon.colcon_core.package_identification:_identify(models/cafe_table/materials/textures) by extension 'ros'
[1.298s] Level 1:colcon.colcon_core.package_identification:_identify(models/cafe_table/materials/textures) by extensions ['cmake', 'python']
[1.298s] Level 1:colcon.colcon_core.package_identification:_identify(models/cafe_table/materials/textures) by extension 'cmake'
[1.298s] Level 1:colcon.colcon_core.package_identification:_identify(models/cafe_table/materials/textures) by extension 'python'
[1.298s] Level 1:colcon.colcon_core.package_identification:_identify(models/cafe_table/materials/textures) by extensions ['python_setup_py']
[1.298s] Level 1:colcon.colcon_core.package_identification:_identify(models/cafe_table/materials/textures) by extension 'python_setup_py'
[1.298s] Level 1:colcon.colcon_core.package_identification:_identify(models/cafe_table/meshes) by extensions ['ignore', 'ignore_ament_install']
[1.299s] Level 1:colcon.colcon_core.package_identification:_identify(models/cafe_table/meshes) by extension 'ignore'
[1.299s] Level 1:colcon.colcon_core.package_identification:_identify(models/cafe_table/meshes) by extension 'ignore_ament_install'
[1.299s] Level 1:colcon.colcon_core.package_identification:_identify(models/cafe_table/meshes) by extensions ['colcon_pkg']
[1.299s] Level 1:colcon.colcon_core.package_identification:_identify(models/cafe_table/meshes) by extension 'colcon_pkg'
[1.299s] Level 1:colcon.colcon_core.package_identification:_identify(models/cafe_table/meshes) by extensions ['colcon_meta']
[1.299s] Level 1:colcon.colcon_core.package_identification:_identify(models/cafe_table/meshes) by extension 'colcon_meta'
[1.299s] Level 1:colcon.colcon_core.package_identification:_identify(models/cafe_table/meshes) by extensions ['ros']
[1.299s] Level 1:colcon.colcon_core.package_identification:_identify(models/cafe_table/meshes) by extension 'ros'
[1.299s] Level 1:colcon.colcon_core.package_identification:_identify(models/cafe_table/meshes) by extensions ['cmake', 'python']
[1.299s] Level 1:colcon.colcon_core.package_identification:_identify(models/cafe_table/meshes) by extension 'cmake'
[1.299s] Level 1:colcon.colcon_core.package_identification:_identify(models/cafe_table/meshes) by extension 'python'
[1.299s] Level 1:colcon.colcon_core.package_identification:_identify(models/cafe_table/meshes) by extensions ['python_setup_py']
[1.299s] Level 1:colcon.colcon_core.package_identification:_identify(models/cafe_table/meshes) by extension 'python_setup_py'
[1.299s] Level 1:colcon.colcon_core.package_identification:_identify(models/cardboard_box) by extensions ['ignore', 'ignore_ament_install']
[1.300s] Level 1:colcon.colcon_core.package_identification:_identify(models/cardboard_box) by extension 'ignore'
[1.300s] Level 1:colcon.colcon_core.package_identification:_identify(models/cardboard_box) by extension 'ignore_ament_install'
[1.300s] Level 1:colcon.colcon_core.package_identification:_identify(models/cardboard_box) by extensions ['colcon_pkg']
[1.300s] Level 1:colcon.colcon_core.package_identification:_identify(models/cardboard_box) by extension 'colcon_pkg'
[1.300s] Level 1:colcon.colcon_core.package_identification:_identify(models/cardboard_box) by extensions ['colcon_meta']
[1.300s] Level 1:colcon.colcon_core.package_identification:_identify(models/cardboard_box) by extension 'colcon_meta'
[1.300s] Level 1:colcon.colcon_core.package_identification:_identify(models/cardboard_box) by extensions ['ros']
[1.300s] Level 1:colcon.colcon_core.package_identification:_identify(models/cardboard_box) by extension 'ros'
[1.300s] Level 1:colcon.colcon_core.package_identification:_identify(models/cardboard_box) by extensions ['cmake', 'python']
[1.300s] Level 1:colcon.colcon_core.package_identification:_identify(models/cardboard_box) by extension 'cmake'
[1.300s] Level 1:colcon.colcon_core.package_identification:_identify(models/cardboard_box) by extension 'python'
[1.300s] Level 1:colcon.colcon_core.package_identification:_identify(models/cardboard_box) by extensions ['python_setup_py']
[1.300s] Level 1:colcon.colcon_core.package_identification:_identify(models/cardboard_box) by extension 'python_setup_py'
[1.300s] Level 1:colcon.colcon_core.package_identification:_identify(models/cardboard_box/materials) by extensions ['ignore', 'ignore_ament_install']
[1.301s] Level 1:colcon.colcon_core.package_identification:_identify(models/cardboard_box/materials) by extension 'ignore'
[1.301s] Level 1:colcon.colcon_core.package_identification:_identify(models/cardboard_box/materials) by extension 'ignore_ament_install'
[1.301s] Level 1:colcon.colcon_core.package_identification:_identify(models/cardboard_box/materials) by extensions ['colcon_pkg']
[1.301s] Level 1:colcon.colcon_core.package_identification:_identify(models/cardboard_box/materials) by extension 'colcon_pkg'
[1.301s] Level 1:colcon.colcon_core.package_identification:_identify(models/cardboard_box/materials) by extensions ['colcon_meta']
[1.301s] Level 1:colcon.colcon_core.package_identification:_identify(models/cardboard_box/materials) by extension 'colcon_meta'
[1.301s] Level 1:colcon.colcon_core.package_identification:_identify(models/cardboard_box/materials) by extensions ['ros']
[1.301s] Level 1:colcon.colcon_core.package_identification:_identify(models/cardboard_box/materials) by extension 'ros'
[1.301s] Level 1:colcon.colcon_core.package_identification:_identify(models/cardboard_box/materials) by extensions ['cmake', 'python']
[1.301s] Level 1:colcon.colcon_core.package_identification:_identify(models/cardboard_box/materials) by extension 'cmake'
[1.301s] Level 1:colcon.colcon_core.package_identification:_identify(models/cardboard_box/materials) by extension 'python'
[1.301s] Level 1:colcon.colcon_core.package_identification:_identify(models/cardboard_box/materials) by extensions ['python_setup_py']
[1.301s] Level 1:colcon.colcon_core.package_identification:_identify(models/cardboard_box/materials) by extension 'python_setup_py'
[1.301s] Level 1:colcon.colcon_core.package_identification:_identify(models/cardboard_box/materials/textures) by extensions ['ignore', 'ignore_ament_install']
[1.302s] Level 1:colcon.colcon_core.package_identification:_identify(models/cardboard_box/materials/textures) by extension 'ignore'
[1.302s] Level 1:colcon.colcon_core.package_identification:_identify(models/cardboard_box/materials/textures) by extension 'ignore_ament_install'
[1.302s] Level 1:colcon.colcon_core.package_identification:_identify(models/cardboard_box/materials/textures) by extensions ['colcon_pkg']
[1.302s] Level 1:colcon.colcon_core.package_identification:_identify(models/cardboard_box/materials/textures) by extension 'colcon_pkg'
[1.302s] Level 1:colcon.colcon_core.package_identification:_identify(models/cardboard_box/materials/textures) by extensions ['colcon_meta']
[1.302s] Level 1:colcon.colcon_core.package_identification:_identify(models/cardboard_box/materials/textures) by extension 'colcon_meta'
[1.302s] Level 1:colcon.colcon_core.package_identification:_identify(models/cardboard_box/materials/textures) by extensions ['ros']
[1.302s] Level 1:colcon.colcon_core.package_identification:_identify(models/cardboard_box/materials/textures) by extension 'ros'
[1.302s] Level 1:colcon.colcon_core.package_identification:_identify(models/cardboard_box/materials/textures) by extensions ['cmake', 'python']
[1.302s] Level 1:colcon.colcon_core.package_identification:_identify(models/cardboard_box/materials/textures) by extension 'cmake'
[1.302s] Level 1:colcon.colcon_core.package_identification:_identify(models/cardboard_box/materials/textures) by extension 'python'
[1.302s] Level 1:colcon.colcon_core.package_identification:_identify(models/cardboard_box/materials/textures) by extensions ['python_setup_py']
[1.302s] Level 1:colcon.colcon_core.package_identification:_identify(models/cardboard_box/materials/textures) by extension 'python_setup_py'
[1.302s] Level 1:colcon.colcon_core.package_identification:_identify(models/cardboard_box/meshes) by extensions ['ignore', 'ignore_ament_install']
[1.302s] Level 1:colcon.colcon_core.package_identification:_identify(models/cardboard_box/meshes) by extension 'ignore'
[1.303s] Level 1:colcon.colcon_core.package_identification:_identify(models/cardboard_box/meshes) by extension 'ignore_ament_install'
[1.303s] Level 1:colcon.colcon_core.package_identification:_identify(models/cardboard_box/meshes) by extensions ['colcon_pkg']
[1.303s] Level 1:colcon.colcon_core.package_identification:_identify(models/cardboard_box/meshes) by extension 'colcon_pkg'
[1.303s] Level 1:colcon.colcon_core.package_identification:_identify(models/cardboard_box/meshes) by extensions ['colcon_meta']
[1.303s] Level 1:colcon.colcon_core.package_identification:_identify(models/cardboard_box/meshes) by extension 'colcon_meta'
[1.303s] Level 1:colcon.colcon_core.package_identification:_identify(models/cardboard_box/meshes) by extensions ['ros']
[1.303s] Level 1:colcon.colcon_core.package_identification:_identify(models/cardboard_box/meshes) by extension 'ros'
[1.303s] Level 1:colcon.colcon_core.package_identification:_identify(models/cardboard_box/meshes) by extensions ['cmake', 'python']
[1.303s] Level 1:colcon.colcon_core.package_identification:_identify(models/cardboard_box/meshes) by extension 'cmake'
[1.303s] Level 1:colcon.colcon_core.package_identification:_identify(models/cardboard_box/meshes) by extension 'python'
[1.303s] Level 1:colcon.colcon_core.package_identification:_identify(models/cardboard_box/meshes) by extensions ['python_setup_py']
[1.303s] Level 1:colcon.colcon_core.package_identification:_identify(models/cardboard_box/meshes) by extension 'python_setup_py'
[1.303s] Level 1:colcon.colcon_core.package_identification:_identify(models/foldable_chair) by extensions ['ignore', 'ignore_ament_install']
[1.303s] Level 1:colcon.colcon_core.package_identification:_identify(models/foldable_chair) by extension 'ignore'
[1.304s] Level 1:colcon.colcon_core.package_identification:_identify(models/foldable_chair) by extension 'ignore_ament_install'
[1.304s] Level 1:colcon.colcon_core.package_identification:_identify(models/foldable_chair) by extensions ['colcon_pkg']
[1.304s] Level 1:colcon.colcon_core.package_identification:_identify(models/foldable_chair) by extension 'colcon_pkg'
[1.304s] Level 1:colcon.colcon_core.package_identification:_identify(models/foldable_chair) by extensions ['colcon_meta']
[1.304s] Level 1:colcon.colcon_core.package_identification:_identify(models/foldable_chair) by extension 'colcon_meta'
[1.304s] Level 1:colcon.colcon_core.package_identification:_identify(models/foldable_chair) by extensions ['ros']
[1.304s] Level 1:colcon.colcon_core.package_identification:_identify(models/foldable_chair) by extension 'ros'
[1.304s] Level 1:colcon.colcon_core.package_identification:_identify(models/foldable_chair) by extensions ['cmake', 'python']
[1.304s] Level 1:colcon.colcon_core.package_identification:_identify(models/foldable_chair) by extension 'cmake'
[1.304s] Level 1:colcon.colcon_core.package_identification:_identify(models/foldable_chair) by extension 'python'
[1.304s] Level 1:colcon.colcon_core.package_identification:_identify(models/foldable_chair) by extensions ['python_setup_py']
[1.304s] Level 1:colcon.colcon_core.package_identification:_identify(models/foldable_chair) by extension 'python_setup_py'
[1.304s] Level 1:colcon.colcon_core.package_identification:_identify(models/foldable_chair/mesh) by extensions ['ignore', 'ignore_ament_install']
[1.304s] Level 1:colcon.colcon_core.package_identification:_identify(models/foldable_chair/mesh) by extension 'ignore'
[1.304s] Level 1:colcon.colcon_core.package_identification:_identify(models/foldable_chair/mesh) by extension 'ignore_ament_install'
[1.304s] Level 1:colcon.colcon_core.package_identification:_identify(models/foldable_chair/mesh) by extensions ['colcon_pkg']
[1.305s] Level 1:colcon.colcon_core.package_identification:_identify(models/foldable_chair/mesh) by extension 'colcon_pkg'
[1.305s] Level 1:colcon.colcon_core.package_identification:_identify(models/foldable_chair/mesh) by extensions ['colcon_meta']
[1.305s] Level 1:colcon.colcon_core.package_identification:_identify(models/foldable_chair/mesh) by extension 'colcon_meta'
[1.305s] Level 1:colcon.colcon_core.package_identification:_identify(models/foldable_chair/mesh) by extensions ['ros']
[1.305s] Level 1:colcon.colcon_core.package_identification:_identify(models/foldable_chair/mesh) by extension 'ros'
[1.305s] Level 1:colcon.colcon_core.package_identification:_identify(models/foldable_chair/mesh) by extensions ['cmake', 'python']
[1.305s] Level 1:colcon.colcon_core.package_identification:_identify(models/foldable_chair/mesh) by extension 'cmake'
[1.305s] Level 1:colcon.colcon_core.package_identification:_identify(models/foldable_chair/mesh) by extension 'python'
[1.305s] Level 1:colcon.colcon_core.package_identification:_identify(models/foldable_chair/mesh) by extensions ['python_setup_py']
[1.305s] Level 1:colcon.colcon_core.package_identification:_identify(models/foldable_chair/mesh) by extension 'python_setup_py'
[1.305s] Level 1:colcon.colcon_core.package_identification:_identify(models/table) by extensions ['ignore', 'ignore_ament_install']
[1.305s] Level 1:colcon.colcon_core.package_identification:_identify(models/table) by extension 'ignore'
[1.305s] Level 1:colcon.colcon_core.package_identification:_identify(models/table) by extension 'ignore_ament_install'
[1.305s] Level 1:colcon.colcon_core.package_identification:_identify(models/table) by extensions ['colcon_pkg']
[1.305s] Level 1:colcon.colcon_core.package_identification:_identify(models/table) by extension 'colcon_pkg'
[1.305s] Level 1:colcon.colcon_core.package_identification:_identify(models/table) by extensions ['colcon_meta']
[1.305s] Level 1:colcon.colcon_core.package_identification:_identify(models/table) by extension 'colcon_meta'
[1.306s] Level 1:colcon.colcon_core.package_identification:_identify(models/table) by extensions ['ros']
[1.306s] Level 1:colcon.colcon_core.package_identification:_identify(models/table) by extension 'ros'
[1.306s] Level 1:colcon.colcon_core.package_identification:_identify(models/table) by extensions ['cmake', 'python']
[1.306s] Level 1:colcon.colcon_core.package_identification:_identify(models/table) by extension 'cmake'
[1.306s] Level 1:colcon.colcon_core.package_identification:_identify(models/table) by extension 'python'
[1.306s] Level 1:colcon.colcon_core.package_identification:_identify(models/table) by extensions ['python_setup_py']
[1.306s] Level 1:colcon.colcon_core.package_identification:_identify(models/table) by extension 'python_setup_py'
[1.306s] Level 1:colcon.colcon_core.package_identification:_identify(src) by extensions ['ignore', 'ignore_ament_install']
[1.306s] Level 1:colcon.colcon_core.package_identification:_identify(src) by extension 'ignore'
[1.306s] Level 1:colcon.colcon_core.package_identification:_identify(src) by extension 'ignore_ament_install'
[1.306s] Level 1:colcon.colcon_core.package_identification:_identify(src) by extensions ['colcon_pkg']
[1.306s] Level 1:colcon.colcon_core.package_identification:_identify(src) by extension 'colcon_pkg'
[1.306s] Level 1:colcon.colcon_core.package_identification:_identify(src) by extensions ['colcon_meta']
[1.306s] Level 1:colcon.colcon_core.package_identification:_identify(src) by extension 'colcon_meta'
[1.306s] Level 1:colcon.colcon_core.package_identification:_identify(src) by extensions ['ros']
[1.306s] Level 1:colcon.colcon_core.package_identification:_identify(src) by extension 'ros'
[1.307s] Level 1:colcon.colcon_core.package_identification:_identify(src) by extensions ['cmake', 'python']
[1.307s] Level 1:colcon.colcon_core.package_identification:_identify(src) by extension 'cmake'
[1.307s] Level 1:colcon.colcon_core.package_identification:_identify(src) by extension 'python'
[1.307s] Level 1:colcon.colcon_core.package_identification:_identify(src) by extensions ['python_setup_py']
[1.307s] Level 1:colcon.colcon_core.package_identification:_identify(src) by extension 'python_setup_py'
[1.307s] Level 1:colcon.colcon_core.package_identification:_identify(src/namuhx-a1) by extensions ['ignore', 'ignore_ament_install']
[1.307s] Level 1:colcon.colcon_core.package_identification:_identify(src/namuhx-a1) by extension 'ignore'
[1.307s] Level 1:colcon.colcon_core.package_identification:_identify(src/namuhx-a1) by extension 'ignore_ament_install'
[1.307s] Level 1:colcon.colcon_core.package_identification:_identify(src/namuhx-a1) by extensions ['colcon_pkg']
[1.307s] Level 1:colcon.colcon_core.package_identification:_identify(src/namuhx-a1) by extension 'colcon_pkg'
[1.307s] Level 1:colcon.colcon_core.package_identification:_identify(src/namuhx-a1) by extensions ['colcon_meta']
[1.307s] Level 1:colcon.colcon_core.package_identification:_identify(src/namuhx-a1) by extension 'colcon_meta'
[1.307s] Level 1:colcon.colcon_core.package_identification:_identify(src/namuhx-a1) by extensions ['ros']
[1.307s] Level 1:colcon.colcon_core.package_identification:_identify(src/namuhx-a1) by extension 'ros'
[1.314s] DEBUG:colcon.colcon_core.package_identification:Package 'src/namuhx-a1' with type 'ros.ament_python' and name 'namuhx-a1'
[1.314s] Level 1:colcon.colcon_core.package_identification:_identify(src/self_drive_sim) by extensions ['ignore', 'ignore_ament_install']
[1.314s] Level 1:colcon.colcon_core.package_identification:_identify(src/self_drive_sim) by extension 'ignore'
[1.314s] Level 1:colcon.colcon_core.package_identification:_identify(src/self_drive_sim) by extension 'ignore_ament_install'
[1.314s] Level 1:colcon.colcon_core.package_identification:_identify(src/self_drive_sim) by extensions ['colcon_pkg']
[1.314s] Level 1:colcon.colcon_core.package_identification:_identify(src/self_drive_sim) by extension 'colcon_pkg'
[1.314s] Level 1:colcon.colcon_core.package_identification:_identify(src/self_drive_sim) by extensions ['colcon_meta']
[1.314s] Level 1:colcon.colcon_core.package_identification:_identify(src/self_drive_sim) by extension 'colcon_meta'
[1.314s] Level 1:colcon.colcon_core.package_identification:_identify(src/self_drive_sim) by extensions ['ros']
[1.314s] Level 1:colcon.colcon_core.package_identification:_identify(src/self_drive_sim) by extension 'ros'
[1.316s] DEBUG:colcon.colcon_core.package_identification:Package 'src/self_drive_sim' with type 'ros.ament_python' and name 'self_drive_sim'
[1.316s] Level 1:colcon.colcon_core.package_discovery:discover_packages(recursive) using defaults
[1.316s] Level 1:colcon.colcon_core.package_discovery:discover_packages(ignore) discover
[1.316s] Level 1:colcon.colcon_core.package_discovery:discover_packages(ignore) using defaults
[1.316s] Level 1:colcon.colcon_core.package_discovery:discover_packages(path) discover
[1.316s] Level 1:colcon.colcon_core.package_discovery:discover_packages(path) using defaults
[1.369s] Level 1:colcon.colcon_core.package_discovery:discover_packages(prefix_path) check parameters
[1.369s] Level 1:colcon.colcon_core.package_discovery:discover_packages(prefix_path) discover
[1.388s] DEBUG:colcon.colcon_installed_package_information.package_discovery:Found 293 installed packages in /opt/ros/humble
[1.390s] Level 1:colcon.colcon_core.package_discovery:discover_packages(prefix_path) using defaults
[1.613s] Level 5:colcon.colcon_core.verb:set package 'namuhx-a1' build argument 'cmake_args' from command line to 'None'
[1.613s] Level 5:colcon.colcon_core.verb:set package 'namuhx-a1' build argument 'cmake_target' from command line to 'None'
[1.613s] Level 5:colcon.colcon_core.verb:set package 'namuhx-a1' build argument 'cmake_target_skip_unavailable' from command line to 'False'
[1.613s] Level 5:colcon.colcon_core.verb:set package 'namuhx-a1' build argument 'cmake_clean_cache' from command line to 'False'
[1.613s] Level 5:colcon.colcon_core.verb:set package 'namuhx-a1' build argument 'cmake_clean_first' from command line to 'False'
[1.613s] Level 5:colcon.colcon_core.verb:set package 'namuhx-a1' build argument 'cmake_force_configure' from command line to 'False'
[1.613s] Level 5:colcon.colcon_core.verb:set package 'namuhx-a1' build argument 'ament_cmake_args' from command line to 'None'
[1.613s] Level 5:colcon.colcon_core.verb:set package 'namuhx-a1' build argument 'catkin_cmake_args' from command line to 'None'
[1.613s] Level 5:colcon.colcon_core.verb:set package 'namuhx-a1' build argument 'catkin_skip_building_tests' from command line to 'False'
[1.613s] DEBUG:colcon.colcon_core.verb:Building package 'namuhx-a1' with the following arguments: {'ament_cmake_args': None, 'build_base': '/home/elicer/ros_ws/build/namuhx-a1', 'catkin_cmake_args': None, 'catkin_skip_building_tests': False, 'cmake_args': None, 'cmake_clean_cache': False, 'cmake_clean_first': False, 'cmake_force_configure': False, 'cmake_target': None, 'cmake_target_skip_unavailable': False, 'install_base': '/home/elicer/ros_ws/install/namuhx-a1', 'merge_install': False, 'path': '/home/elicer/ros_ws/src/namuhx-a1', 'symlink_install': True, 'test_result_base': None}
[1.614s] Level 5:colcon.colcon_core.verb:set package 'self_drive_sim' build argument 'cmake_args' from command line to 'None'
[1.614s] Level 5:colcon.colcon_core.verb:set package 'self_drive_sim' build argument 'cmake_target' from command line to 'None'
[1.614s] Level 5:colcon.colcon_core.verb:set package 'self_drive_sim' build argument 'cmake_target_skip_unavailable' from command line to 'False'
[1.614s] Level 5:colcon.colcon_core.verb:set package 'self_drive_sim' build argument 'cmake_clean_cache' from command line to 'False'
[1.614s] Level 5:colcon.colcon_core.verb:set package 'self_drive_sim' build argument 'cmake_clean_first' from command line to 'False'
[1.614s] Level 5:colcon.colcon_core.verb:set package 'self_drive_sim' build argument 'cmake_force_configure' from command line to 'False'
[1.614s] Level 5:colcon.colcon_core.verb:set package 'self_drive_sim' build argument 'ament_cmake_args' from command line to 'None'
[1.614s] Level 5:colcon.colcon_core.verb:set package 'self_drive_sim' build argument 'catkin_cmake_args' from command line to 'None'
[1.614s] Level 5:colcon.colcon_core.verb:set package 'self_drive_sim' build argument 'catkin_skip_building_tests' from command line to 'False'
[1.614s] DEBUG:colcon.colcon_core.verb:Building package 'self_drive_sim' with the following arguments: {'ament_cmake_args': None, 'build_base': '/home/elicer/ros_ws/build/self_drive_sim', 'catkin_cmake_args': None, 'catkin_skip_building_tests': False, 'cmake_args': None, 'cmake_clean_cache': False, 'cmake_clean_first': False, 'cmake_force_configure': False, 'cmake_target': None, 'cmake_target_skip_unavailable': False, 'install_base': '/home/elicer/ros_ws/install/self_drive_sim', 'merge_install': False, 'path': '/home/elicer/ros_ws/src/self_drive_sim', 'symlink_install': True, 'test_result_base': None}
[1.614s] INFO:colcon.colcon_core.executor:Executing jobs using 'parallel' executor
[1.615s] DEBUG:colcon.colcon_parallel_executor.executor.parallel:run_until_complete
[1.616s] INFO:colcon.colcon_ros.task.ament_python.build:Building ROS package in '/home/elicer/ros_ws/src/namuhx-a1' with build type 'ament_python'
[1.616s] Level 1:colcon.colcon_core.shell:create_environment_hook('namuhx-a1', 'ament_prefix_path')
[1.627s] INFO:colcon.colcon_core.plugin_system:Skipping extension 'colcon_core.shell.bat': Not used on non-Windows systems
[1.627s] INFO:colcon.colcon_core.shell:Creating environment hook '/home/elicer/ros_ws/install/namuhx-a1/share/namuhx-a1/hook/ament_prefix_path.ps1'
[1.629s] INFO:colcon.colcon_core.shell:Creating environment descriptor '/home/elicer/ros_ws/install/namuhx-a1/share/namuhx-a1/hook/ament_prefix_path.dsv'
[1.630s] INFO:colcon.colcon_core.shell:Creating environment hook '/home/elicer/ros_ws/install/namuhx-a1/share/namuhx-a1/hook/ament_prefix_path.sh'
[1.631s] INFO:colcon.colcon_core.shell:Skip shell extension 'powershell' for command environment: Not usable outside of PowerShell
[1.631s] DEBUG:colcon.colcon_core.shell:Skip shell extension 'dsv' for command environment
[1.636s] INFO:colcon.colcon_ros.task.ament_python.build:Building ROS package in '/home/elicer/ros_ws/src/self_drive_sim' with build type 'ament_python'
[1.637s] Level 1:colcon.colcon_core.shell:create_environment_hook('self_drive_sim', 'ament_prefix_path')
[1.637s] INFO:colcon.colcon_core.shell:Creating environment hook '/home/elicer/ros_ws/install/self_drive_sim/share/self_drive_sim/hook/ament_prefix_path.ps1'
[1.638s] INFO:colcon.colcon_core.shell:Creating environment descriptor '/home/elicer/ros_ws/install/self_drive_sim/share/self_drive_sim/hook/ament_prefix_path.dsv'
[1.639s] INFO:colcon.colcon_core.shell:Creating environment hook '/home/elicer/ros_ws/install/self_drive_sim/share/self_drive_sim/hook/ament_prefix_path.sh'
[1.640s] INFO:colcon.colcon_core.shell:Skip shell extension 'powershell' for command environment: Not usable outside of PowerShell
[1.640s] DEBUG:colcon.colcon_core.shell:Skip shell extension 'dsv' for command environment
[2.656s] INFO:colcon.colcon_core.task.python.build:Building Python package in '/home/elicer/ros_ws/src/namuhx-a1'
[2.657s] INFO:colcon.colcon_core.shell:Skip shell extension 'powershell' for command environment: Not usable outside of PowerShell
[2.657s] DEBUG:colcon.colcon_core.shell:Skip shell extension 'dsv' for command environment
[3.535s] INFO:colcon.colcon_core.task.python.build:Building Python package in '/home/elicer/ros_ws/src/self_drive_sim'
[3.535s] INFO:colcon.colcon_core.shell:Skip shell extension 'powershell' for command environment: Not usable outside of PowerShell
[3.536s] DEBUG:colcon.colcon_core.shell:Skip shell extension 'dsv' for command environment
[4.655s] DEBUG:colcon.colcon_core.event_handler.log_command:Invoking command in '/home/elicer/ros_ws/build/self_drive_sim': PYTHONPATH=/home/elicer/ros_ws/build/self_drive_sim/prefix_override:/usr/lib/python3/dist-packages/colcon_core/task/python/colcon_distutils_commands:/home/elicer/ros_ws/install/self_drive_sim/lib/python3.10/site-packages:${PYTHONPATH} /usr/bin/python3 -W ignore:setup.py install is deprecated -W ignore:easy_install command is deprecated setup.py develop --editable --build-directory /home/elicer/ros_ws/build/self_drive_sim/build --no-deps symlink_data
[4.678s] DEBUG:colcon.colcon_core.event_handler.log_command:Invoking command in '/home/elicer/ros_ws/build/namuhx-a1': PYTHONPATH=/home/elicer/ros_ws/build/namuhx-a1/prefix_override:/usr/lib/python3/dist-packages/colcon_core/task/python/colcon_distutils_commands:/home/elicer/ros_ws/install/namuhx-a1/lib/python3.10/site-packages:${PYTHONPATH} /usr/bin/python3 -W ignore:setup.py install is deprecated -W ignore:easy_install command is deprecated setup.py develop --editable --build-directory /home/elicer/ros_ws/build/namuhx-a1/build --no-deps symlink_data
[6.176s] Level 1:colcon.colcon_core.shell:create_environment_hook('self_drive_sim', 'pythonpath_develop')
[6.177s] INFO:colcon.colcon_core.shell:Creating environment hook '/home/elicer/ros_ws/build/self_drive_sim/share/self_drive_sim/hook/pythonpath_develop.ps1'
[6.178s] DEBUG:colcon.colcon_core.event_handler.log_command:Invoked command in '/home/elicer/ros_ws/build/self_drive_sim' returned '0': PYTHONPATH=/home/elicer/ros_ws/build/self_drive_sim/prefix_override:/usr/lib/python3/dist-packages/colcon_core/task/python/colcon_distutils_commands:/home/elicer/ros_ws/install/self_drive_sim/lib/python3.10/site-packages:${PYTHONPATH} /usr/bin/python3 -W ignore:setup.py install is deprecated -W ignore:easy_install command is deprecated setup.py develop --editable --build-directory /home/elicer/ros_ws/build/self_drive_sim/build --no-deps symlink_data
[6.179s] INFO:colcon.colcon_core.shell:Creating environment descriptor '/home/elicer/ros_ws/build/self_drive_sim/share/self_drive_sim/hook/pythonpath_develop.dsv'
[6.181s] INFO:colcon.colcon_core.shell:Creating environment hook '/home/elicer/ros_ws/build/self_drive_sim/share/self_drive_sim/hook/pythonpath_develop.sh'
[6.199s] Level 1:colcon.colcon_core.environment:checking '/home/elicer/ros_ws/install/self_drive_sim' for CMake module files
[6.200s] Level 1:colcon.colcon_core.environment:checking '/home/elicer/ros_ws/install/self_drive_sim' for CMake config files
[6.203s] Level 1:colcon.colcon_core.environment:checking '/home/elicer/ros_ws/install/self_drive_sim/lib'
[6.204s] Level 1:colcon.colcon_core.environment:checking '/home/elicer/ros_ws/install/self_drive_sim/bin'
[6.204s] Level 1:colcon.colcon_core.environment:checking '/home/elicer/ros_ws/install/self_drive_sim/lib/pkgconfig/self_drive_sim.pc'
[6.205s] Level 1:colcon.colcon_core.environment:checking '/home/elicer/ros_ws/install/self_drive_sim/lib/python3.10/site-packages'
[6.205s] Level 1:colcon.colcon_core.shell:create_environment_hook('self_drive_sim', 'pythonpath')
[6.205s] INFO:colcon.colcon_core.shell:Creating environment hook '/home/elicer/ros_ws/install/self_drive_sim/share/self_drive_sim/hook/pythonpath.ps1'
[6.207s] INFO:colcon.colcon_core.shell:Creating environment descriptor '/home/elicer/ros_ws/install/self_drive_sim/share/self_drive_sim/hook/pythonpath.dsv'
[6.208s] INFO:colcon.colcon_core.shell:Creating environment hook '/home/elicer/ros_ws/install/self_drive_sim/share/self_drive_sim/hook/pythonpath.sh'
[6.210s] Level 1:colcon.colcon_core.environment:checking '/home/elicer/ros_ws/install/self_drive_sim/bin'
[6.211s] Level 1:colcon.colcon_core.environment:create_environment_scripts_only(self_drive_sim)
[6.212s] INFO:colcon.colcon_core.shell:Creating package script '/home/elicer/ros_ws/install/self_drive_sim/share/self_drive_sim/package.ps1'
[6.215s] INFO:colcon.colcon_core.shell:Creating package descriptor '/home/elicer/ros_ws/install/self_drive_sim/share/self_drive_sim/package.dsv'
[6.217s] INFO:colcon.colcon_core.shell:Creating package script '/home/elicer/ros_ws/install/self_drive_sim/share/self_drive_sim/package.sh'
[6.220s] INFO:colcon.colcon_core.shell:Creating package script '/home/elicer/ros_ws/install/self_drive_sim/share/self_drive_sim/package.bash'
[6.223s] INFO:colcon.colcon_core.shell:Creating package script '/home/elicer/ros_ws/install/self_drive_sim/share/self_drive_sim/package.zsh'
[6.225s] Level 1:colcon.colcon_core.environment:create_file_with_runtime_dependencies(/home/elicer/ros_ws/install/self_drive_sim/share/colcon-core/packages/self_drive_sim)
[6.287s] Level 1:colcon.colcon_core.shell:create_environment_hook('namuhx-a1', 'pythonpath_develop')
[6.288s] INFO:colcon.colcon_core.shell:Creating environment hook '/home/elicer/ros_ws/build/namuhx-a1/share/namuhx-a1/hook/pythonpath_develop.ps1'
[6.289s] DEBUG:colcon.colcon_core.event_handler.log_command:Invoked command in '/home/elicer/ros_ws/build/namuhx-a1' returned '0': PYTHONPATH=/home/elicer/ros_ws/build/namuhx-a1/prefix_override:/usr/lib/python3/dist-packages/colcon_core/task/python/colcon_distutils_commands:/home/elicer/ros_ws/install/namuhx-a1/lib/python3.10/site-packages:${PYTHONPATH} /usr/bin/python3 -W ignore:setup.py install is deprecated -W ignore:easy_install command is deprecated setup.py develop --editable --build-directory /home/elicer/ros_ws/build/namuhx-a1/build --no-deps symlink_data
[6.291s] INFO:colcon.colcon_core.shell:Creating environment descriptor '/home/elicer/ros_ws/build/namuhx-a1/share/namuhx-a1/hook/pythonpath_develop.dsv'
[6.292s] INFO:colcon.colcon_core.shell:Creating environment hook '/home/elicer/ros_ws/build/namuhx-a1/share/namuhx-a1/hook/pythonpath_develop.sh'
[6.295s] Level 1:colcon.colcon_core.environment:checking '/home/elicer/ros_ws/install/namuhx-a1' for CMake module files
[6.296s] Level 1:colcon.colcon_core.environment:checking '/home/elicer/ros_ws/install/namuhx-a1' for CMake config files
[6.297s] Level 1:colcon.colcon_core.environment:checking '/home/elicer/ros_ws/install/namuhx-a1/lib'
[6.298s] Level 1:colcon.colcon_core.environment:checking '/home/elicer/ros_ws/install/namuhx-a1/bin'
[6.298s] Level 1:colcon.colcon_core.environment:checking '/home/elicer/ros_ws/install/namuhx-a1/lib/pkgconfig/namuhx-a1.pc'
[6.298s] Level 1:colcon.colcon_core.environment:checking '/home/elicer/ros_ws/install/namuhx-a1/lib/python3.10/site-packages'
[6.299s] Level 1:colcon.colcon_core.shell:create_environment_hook('namuhx-a1', 'pythonpath')
[6.299s] INFO:colcon.colcon_core.shell:Creating environment hook '/home/elicer/ros_ws/install/namuhx-a1/share/namuhx-a1/hook/pythonpath.ps1'
[6.301s] INFO:colcon.colcon_core.shell:Creating environment descriptor '/home/elicer/ros_ws/install/namuhx-a1/share/namuhx-a1/hook/pythonpath.dsv'
[6.302s] INFO:colcon.colcon_core.shell:Creating environment hook '/home/elicer/ros_ws/install/namuhx-a1/share/namuhx-a1/hook/pythonpath.sh'
[6.305s] Level 1:colcon.colcon_core.environment:checking '/home/elicer/ros_ws/install/namuhx-a1/bin'
[6.305s] Level 1:colcon.colcon_core.environment:create_environment_scripts_only(namuhx-a1)
[6.306s] INFO:colcon.colcon_core.shell:Creating package script '/home/elicer/ros_ws/install/namuhx-a1/share/namuhx-a1/package.ps1'
[6.311s] INFO:colcon.colcon_core.shell:Creating package descriptor '/home/elicer/ros_ws/install/namuhx-a1/share/namuhx-a1/package.dsv'
[6.313s] INFO:colcon.colcon_core.shell:Creating package script '/home/elicer/ros_ws/install/namuhx-a1/share/namuhx-a1/package.sh'
[6.315s] INFO:colcon.colcon_core.shell:Creating package script '/home/elicer/ros_ws/install/namuhx-a1/share/namuhx-a1/package.bash'
[6.317s] INFO:colcon.colcon_core.shell:Creating package script '/home/elicer/ros_ws/install/namuhx-a1/share/namuhx-a1/package.zsh'
[6.318s] Level 1:colcon.colcon_core.environment:create_file_with_runtime_dependencies(/home/elicer/ros_ws/install/namuhx-a1/share/colcon-core/packages/namuhx-a1)
[6.320s] DEBUG:colcon.colcon_parallel_executor.executor.parallel:closing loop
[6.322s] DEBUG:colcon.colcon_parallel_executor.executor.parallel:loop closed
[6.322s] DEBUG:colcon.colcon_parallel_executor.executor.parallel:run_until_complete finished with '0'
[6.322s] DEBUG:colcon.colcon_core.event_reactor:joining thread
[6.374s] INFO:colcon.colcon_core.plugin_system:Skipping extension 'colcon_notification.desktop_notification.notify_send': Could not find 'notify-send'
[6.374s] INFO:colcon.colcon_core.plugin_system:Skipping extension 'colcon_notification.desktop_notification.terminal_notifier': Not used on non-Darwin systems
[6.375s] INFO:colcon.colcon_core.plugin_system:Skipping extension 'colcon_notification.desktop_notification.win32': Not used on non-Windows systems
[6.375s] INFO:colcon.colcon_notification.desktop_notification:Sending desktop notification using 'notify2'
[6.386s] DEBUG:colcon.colcon_notification.desktop_notification.notify2:Failed to initialize notify2: org.freedesktop.DBus.Error.ServiceUnknown: The name org.freedesktop.Notifications was not provided by any .service files
[6.387s] DEBUG:colcon.colcon_core.event_reactor:joined thread
[6.388s] INFO:colcon.colcon_core.shell:Creating prefix script '/home/elicer/ros_ws/install/local_setup.ps1'
[6.393s] INFO:colcon.colcon_core.shell:Creating prefix util module '/home/elicer/ros_ws/install/_local_setup_util_ps1.py'
[6.398s] INFO:colcon.colcon_core.shell:Creating prefix chain script '/home/elicer/ros_ws/install/setup.ps1'
[6.401s] INFO:colcon.colcon_core.shell:Creating prefix script '/home/elicer/ros_ws/install/local_setup.sh'
[6.404s] INFO:colcon.colcon_core.shell:Creating prefix util module '/home/elicer/ros_ws/install/_local_setup_util_sh.py'
[6.406s] INFO:colcon.colcon_core.shell:Creating prefix chain script '/home/elicer/ros_ws/install/setup.sh'
[6.410s] INFO:colcon.colcon_core.shell:Creating prefix script '/home/elicer/ros_ws/install/local_setup.bash'
[6.412s] INFO:colcon.colcon_core.shell:Creating prefix chain script '/home/elicer/ros_ws/install/setup.bash'
[6.416s] INFO:colcon.colcon_core.shell:Creating prefix script '/home/elicer/ros_ws/install/local_setup.zsh'
[6.418s] INFO:colcon.colcon_core.shell:Creating prefix chain script '/home/elicer/ros_ws/install/setup.zsh'
